:preBuild UP-TO-DATE
:preDebugBuild UP-TO-DATE
:checkDebugManifest
:preReleaseBuild UP-TO-DATE
:prepareComAndroidSupportAppcompatV72311Library UP-TO-DATE
:prepareComAndroidSupportDesign2311Library UP-TO-DATE
:preDebugAndroidTestBuild UP-TO-DATE
:prepareComAndroidSupportMultidex101Library UP-TO-DATE
:prepareComAndroidSupportRecyclerviewV72311Library UP-TO-DATE
:prepareComAndroidSupportSupportV42311Library UP-TO-DATE
:prepareComCommonswareCwacWakeful101Library UP-TO-DATE
:prepareComGithubGanfraMaterialSpinner111Library UP-TO-DATE
:prepareComGoogleAndroidGmsPlayServicesAuth830Library UP-TO-DATE
:prepareComGoogleAndroidGmsPlayServicesBase830Library UP-TO-DATE
:prepareComGoogleAndroidGmsPlayServicesBasement830Library UP-TO-DATE
:prepareComGoogleAndroidGmsPlayServicesDrive830Library UP-TO-DATE
:prepareComGoogleAndroidGmsPlayServicesGcm830Library UP-TO-DATE
:prepareComGoogleAndroidGmsPlayServicesLocation830Library UP-TO-DATE
:prepareComGoogleAndroidGmsPlayServicesMaps830Library UP-TO-DATE
:prepareComGoogleAndroidGmsPlayServicesMeasurement830Library UP-TO-DATE
:prepareComGoogleAndroidGmsPlayServicesPlus830Library UP-TO-DATE
:prepareDebugDependencies
:compileDebugAidl UP-TO-DATE
:compileDebugRenderscript UP-TO-DATE
:generateDebugBuildConfig UP-TO-DATE
:generateDebugAssets UP-TO-DATE
:mergeDebugAssets UP-TO-DATE
:generateDebugResValues UP-TO-DATE
:generateDebugResources UP-TO-DATE
:mergeDebugResources UP-TO-DATE
:processDebugManifest UP-TO-DATE
:processDebugResources UP-TO-DATE
:generateDebugSources UP-TO-DATE
:compileDebugJavaWithJavac UP-TO-DATE
:compileDebugNdk UP-TO-DATE
:compileDebugSources UP-TO-DATE
:processDebugJavaRes UP-TO-DATE
:transformResourcesWithMergeJavaResForDebug UP-TO-DATE
:transformClassesAndResourcesWithProguardForDebug
ProGuard, version 5.2.1
Reading input...
Reading program jar [/Users/emmanuelflorent/projects/flowzr-android-black/libs/google-rfc-2445-20110304.jar] (filtered)
Reading program jar [/Users/emmanuelflorent/projects/flowzr-android-black/libs/google-api-client-android-1.20.0.jar] (filtered)
Reading program jar [/Users/emmanuelflorent/projects/flowzr-android-black/libs/json-simple-1.1.jar] (filtered)
Reading program jar [/Users/emmanuelflorent/projects/flowzr-android-black/libs/gson-2.6.1.jar] (filtered)
Reading program jar [/Users/emmanuelflorent/projects/flowzr-android-black/libs/dropbox-android-sdk-1.6.3.jar] (filtered)
Reading program jar [/Users/emmanuelflorent/projects/flowzr-android-black/libs/google-http-client-1.20.0.jar] (filtered)
Reading program jar [/Users/emmanuelflorent/.gradle/caches/modules-2/files-2.1/com.nineoldandroids/library/2.4.0/e9b63380f3a242dbdbf103a2355ad7e43bad17cb/library-2.4.0.jar] (filtered)
Reading program jar [/Users/emmanuelflorent/.gradle/caches/modules-2/files-2.1/net.sf.trove4j/trove4j/3.0.3/42ccaf4761f0dfdfa805c9e340d99a755907e2dd/trove4j-3.0.3.jar] (filtered)
Reading program jar [/Users/emmanuelflorent/Library/Android/sdk/extras/android/m2repository/com/android/support/support-annotations/23.1.1/support-annotations-23.1.1.jar] (filtered)
Reading program jar [/Users/emmanuelflorent/.gradle/caches/modules-2/files-2.1/org.achartengine/achartengine/1.2.0/f4ef741e9d34389fbac04352354a65dc98496988/achartengine-1.2.0.jar] (filtered)
Reading program jar [/Users/emmanuelflorent/projects/flowzr-android-black/build/intermediates/exploded-aar/com.android.support/multidex/1.0.1/jars/classes.jar] (filtered)
Reading program jar [/Users/emmanuelflorent/projects/flowzr-android-black/build/intermediates/exploded-aar/com.commonsware.cwac/wakeful/1.0.1/jars/classes.jar] (filtered)
Reading program jar [/Users/emmanuelflorent/projects/flowzr-android-black/build/intermediates/exploded-aar/com.android.support/design/23.1.1/jars/classes.jar] (filtered)
Reading program jar [/Users/emmanuelflorent/projects/flowzr-android-black/build/intermediates/exploded-aar/com.google.android.gms/play-services-drive/8.3.0/jars/classes.jar] (filtered)
Reading program jar [/Users/emmanuelflorent/projects/flowzr-android-black/build/intermediates/exploded-aar/com.google.android.gms/play-services-location/8.3.0/jars/classes.jar] (filtered)
Reading program jar [/Users/emmanuelflorent/projects/flowzr-android-black/build/intermediates/exploded-aar/com.google.android.gms/play-services-maps/8.3.0/jars/classes.jar] (filtered)
Reading program jar [/Users/emmanuelflorent/projects/flowzr-android-black/build/intermediates/exploded-aar/com.google.android.gms/play-services-auth/8.3.0/jars/classes.jar] (filtered)
Reading program jar [/Users/emmanuelflorent/projects/flowzr-android-black/build/intermediates/exploded-aar/com.google.android.gms/play-services-plus/8.3.0/jars/classes.jar] (filtered)
Reading program jar [/Users/emmanuelflorent/projects/flowzr-android-black/build/intermediates/exploded-aar/com.google.android.gms/play-services-gcm/8.3.0/jars/classes.jar] (filtered)
Reading program jar [/Users/emmanuelflorent/projects/flowzr-android-black/build/intermediates/exploded-aar/com.google.android.gms/play-services-base/8.3.0/jars/classes.jar] (filtered)
Reading program jar [/Users/emmanuelflorent/projects/flowzr-android-black/build/intermediates/exploded-aar/com.google.android.gms/play-services-measurement/8.3.0/jars/classes.jar] (filtered)
Reading program jar [/Users/emmanuelflorent/projects/flowzr-android-black/build/intermediates/exploded-aar/com.google.android.gms/play-services-basement/8.3.0/jars/classes.jar] (filtered)
Reading program jar [/Users/emmanuelflorent/projects/flowzr-android-black/build/intermediates/exploded-aar/com.github.ganfra/material-spinner/1.1.1/jars/classes.jar] (filtered)
Reading program jar [/Users/emmanuelflorent/projects/flowzr-android-black/build/intermediates/exploded-aar/com.android.support/appcompat-v7/23.1.1/jars/classes.jar] (filtered)
Reading program jar [/Users/emmanuelflorent/projects/flowzr-android-black/build/intermediates/exploded-aar/com.android.support/recyclerview-v7/23.1.1/jars/classes.jar] (filtered)
Reading program jar [/Users/emmanuelflorent/projects/flowzr-android-black/build/intermediates/exploded-aar/com.android.support/support-v4/23.1.1/jars/classes.jar] (filtered)
Reading program jar [/Users/emmanuelflorent/projects/flowzr-android-black/build/intermediates/exploded-aar/com.android.support/support-v4/23.1.1/jars/libs/internal_impl-23.1.1.jar] (filtered)
Reading program jar [/Users/emmanuelflorent/projects/flowzr-android-black/build/intermediates/transforms/mergeJavaRes/debug/jars/2/1f/main.jar] (filtered)
Reading program directory [/Users/emmanuelflorent/projects/flowzr-android-black/build/intermediates/transforms/mergeJavaRes/debug/folders/2/1f/main] (filtered)
Reading program directory [/Users/emmanuelflorent/projects/flowzr-android-black/build/intermediates/classes/debug] (filtered)
Reading library jar [/Users/emmanuelflorent/Library/Android/sdk/platforms/android-23/android.jar]
Reading library jar [/Users/emmanuelflorent/Library/Android/sdk/add-ons/addon-google_apis-google-23/libs/effects.jar]
Reading library jar [/Users/emmanuelflorent/Library/Android/sdk/add-ons/addon-google_apis-google-23/libs/usb.jar]
Reading library jar [/Users/emmanuelflorent/Library/Android/sdk/add-ons/addon-google_apis-google-23/libs/maps.jar]
Reading library jar [/Users/emmanuelflorent/Library/Android/sdk/platforms/android-23/optional/org.apache.http.legacy.jar]
Initializing...
Note: android.support.v4.text.ICUCompatApi23: can't find dynamically referenced class libcore.icu.ICU
Note: android.support.v4.text.ICUCompatIcs: can't find dynamically referenced class libcore.icu.ICU
Note: android.support.v7.widget.DrawableUtils: can't find dynamically referenced class android.graphics.Insets
Note: android.support.v4.app.NotificationCompatJellybean accesses a declared field 'icon' dynamically
      Maybe this is program field 'android.support.design.R$attr { int icon; }'
      Maybe this is program field 'android.support.design.R$id { int icon; }'
      Maybe this is program field 'android.support.v4.app.NotificationCompat$Action { int icon; }'
      Maybe this is program field 'android.support.v7.appcompat.R$attr { int icon; }'
      Maybe this is program field 'android.support.v7.appcompat.R$id { int icon; }'
      Maybe this is program field 'com.dropbox.client2.DropboxAPI$Entry { java.lang.String icon; }'
      Maybe this is program field 'com.flowzr.R$attr { int icon; }'
      Maybe this is program field 'com.flowzr.R$drawable { int icon; }'
      Maybe this is program field 'com.flowzr.R$id { int icon; }'
      Maybe this is program field 'com.flowzr.activity.CategoryListActivity2$PositionAction { int icon; }'
      Maybe this is program field 'com.flowzr.adapter.BackupListAdapter$Holder { android.widget.ImageView icon; }'
      Maybe this is program field 'com.flowzr.adapter.EntityTypeListAdapter$Holder { android.widget.ImageView icon; }'
      Maybe this is program field 'com.flowzr.adapter.ReportListAdapter$Holder { android.widget.ImageView icon; }'
      Maybe this is program field 'com.flowzr.model.NavDrawerItem { int icon; }'
      Maybe this is program field 'fr.ganfra.materialspinner.R$attr { int icon; }'
      Maybe this is program field 'fr.ganfra.materialspinner.R$id { int icon; }'
      Maybe this is library field 'android.R$attr { int icon; }'
      Maybe this is library field 'android.R$id { int icon; }'
      Maybe this is library field 'android.app.LauncherActivity$ListItem { android.graphics.drawable.Drawable icon; }'
      Maybe this is library field 'android.app.Notification { int icon; }'
      Maybe this is library field 'android.app.Notification$Action { int icon; }'
      Maybe this is library field 'android.appwidget.AppWidgetProviderInfo { int icon; }'
      Maybe this is library field 'android.content.pm.PackageItemInfo { int icon; }'
      Maybe this is library field 'android.content.pm.ResolveInfo { int icon; }'
      Maybe this is library field 'android.inputmethodservice.Keyboard$Key { android.graphics.drawable.Drawable icon; }'
      Maybe this is library field 'android.speech.tts.TextToSpeech$EngineInfo { int icon; }'
Note: android.support.v4.app.NotificationCompatJellybean accesses a declared field 'title' dynamically
      Maybe this is program field 'android.support.design.R$attr { int title; }'
      Maybe this is program field 'android.support.design.R$id { int title; }'
      Maybe this is program field 'android.support.v4.app.NotificationCompat$Action { java.lang.CharSequence title; }'
      Maybe this is program field 'android.support.v7.appcompat.R$attr { int title; }'
      Maybe this is program field 'android.support.v7.appcompat.R$id { int title; }'
      Maybe this is program field 'com.flowzr.R$attr { int title; }'
      Maybe this is program field 'com.flowzr.R$id { int title; }'
      Maybe this is program field 'com.flowzr.R$string { int title; }'
      Maybe this is program field 'com.flowzr.activity.BudgetActivity$AccountOption { java.lang.String title; }'
      Maybe this is program field 'com.flowzr.activity.CategoryListActivity2$PositionAction { int title; }'
      Maybe this is program field 'com.flowzr.activity.CurrencyActivity { android.widget.EditText title; }'
      Maybe this is program field 'com.flowzr.activity.MonthlyViewActivity { java.lang.String title; }'
      Maybe this is program field 'com.flowzr.activity.RecurActivity$SpinnerItem { java.lang.String title; }'
      Maybe this is program field 'com.flowzr.adapter.BackupListAdapter$Holder { android.widget.TextView title; }'
      Maybe this is program field 'com.flowzr.adapter.CategoryListAdapter2$Holder { android.widget.TextView title; }'
      Maybe this is program field 'com.flowzr.adapter.EntityTypeListAdapter$Holder { android.widget.TextView title; }'
      Maybe this is program field 'com.flowzr.adapter.ReportListAdapter$Holder { android.widget.TextView title; }'
      Maybe this is program field 'com.flowzr.db.DatabaseHelper$CategoryColumns { com.flowzr.db.DatabaseHelper$CategoryColumns title; }'
      Maybe this is program field 'com.flowzr.db.DatabaseHelper$CategoryViewColumns { com.flowzr.db.DatabaseHelper$CategoryViewColumns title; }'
      Maybe this is program field 'com.flowzr.filter.WhereFilter { java.lang.String title; }'
      Maybe this is program field 'com.flowzr.model.Budget { java.lang.String title; }'
      Maybe this is program field 'com.flowzr.model.MyEntity { java.lang.String title; }'
      Maybe this is program field 'com.flowzr.model.NavDrawerItem { java.lang.String title; }'
      Maybe this is program field 'com.flowzr.recur.RecurrenceViewFactory$DayOfWeekItem { java.lang.String title; }'
      Maybe this is program field 'fr.ganfra.materialspinner.R$attr { int title; }'
      Maybe this is program field 'fr.ganfra.materialspinner.R$id { int title; }'
      Maybe this is library field 'android.R$attr { int title; }'
      Maybe this is library field 'android.R$id { int title; }'
      Maybe this is library field 'android.app.Notification$Action { java.lang.CharSequence title; }'
      Maybe this is library field 'android.preference.PreferenceActivity$Header { java.lang.CharSequence title; }'
Note: android.support.v4.app.NotificationCompatJellybean accesses a declared field 'actionIntent' dynamically
      Maybe this is program field 'android.support.v4.app.NotificationCompat$Action { android.app.PendingIntent actionIntent; }'
      Maybe this is library field 'android.app.Notification$Action { android.app.PendingIntent actionIntent; }'
Note: the configuration keeps the entry point 'android.support.design.widget.AppBarLayout { void setWindowInsets(android.support.v4.view.WindowInsetsCompat); }', but not the descriptor class 'android.support.v4.view.WindowInsetsCompat'
Note: the configuration keeps the entry point 'android.support.design.widget.CoordinatorLayout { void setWindowInsets(android.support.v4.view.WindowInsetsCompat); }', but not the descriptor class 'android.support.v4.view.WindowInsetsCompat'
Note: the configuration keeps the entry point 'android.support.design.widget.NavigationView { void setNavigationItemSelectedListener(android.support.design.widget.NavigationView$OnNavigationItemSelectedListener); }', but not the descriptor class 'android.support.design.widget.NavigationView$OnNavigationItemSelectedListener'
Note: the configuration keeps the entry point 'android.support.design.widget.Snackbar$SnackbarLayout { void setOnLayoutChangeListener(android.support.design.widget.Snackbar$SnackbarLayout$OnLayoutChangeListener); }', but not the descriptor class 'android.support.design.widget.Snackbar$SnackbarLayout$OnLayoutChangeListener'
Note: the configuration keeps the entry point 'android.support.design.widget.Snackbar$SnackbarLayout { void setOnAttachStateChangeListener(android.support.design.widget.Snackbar$SnackbarLayout$OnAttachStateChangeListener); }', but not the descriptor class 'android.support.design.widget.Snackbar$SnackbarLayout$OnAttachStateChangeListener'
Note: the configuration keeps the entry point 'android.support.design.widget.TabLayout { void setOnTabSelectedListener(android.support.design.widget.TabLayout$OnTabSelectedListener); }', but not the descriptor class 'android.support.design.widget.TabLayout$OnTabSelectedListener'
Note: the configuration keeps the entry point 'android.support.design.widget.TabLayout { void setTabsFromPagerAdapter(android.support.v4.view.PagerAdapter); }', but not the descriptor class 'android.support.v4.view.PagerAdapter'
Note: the configuration keeps the entry point 'android.support.v4.content.AsyncTaskLoader { void dispatchOnCancelled(android.support.v4.content.AsyncTaskLoader$LoadTask,java.lang.Object); }', but not the descriptor class 'android.support.v4.content.AsyncTaskLoader$LoadTask'
Note: the configuration keeps the entry point 'android.support.v4.content.AsyncTaskLoader { void dispatchOnLoadComplete(android.support.v4.content.AsyncTaskLoader$LoadTask,java.lang.Object); }', but not the descriptor class 'android.support.v4.content.AsyncTaskLoader$LoadTask'
Note: the configuration keeps the entry point 'android.support.v4.content.Loader { void registerListener(int,android.support.v4.content.Loader$OnLoadCompleteListener); }', but not the descriptor class 'android.support.v4.content.Loader$OnLoadCompleteListener'
Note: the configuration keeps the entry point 'android.support.v4.content.Loader { void unregisterListener(android.support.v4.content.Loader$OnLoadCompleteListener); }', but not the descriptor class 'android.support.v4.content.Loader$OnLoadCompleteListener'
Note: the configuration keeps the entry point 'android.support.v4.content.Loader { void registerOnLoadCanceledListener(android.support.v4.content.Loader$OnLoadCanceledListener); }', but not the descriptor class 'android.support.v4.content.Loader$OnLoadCanceledListener'
Note: the configuration keeps the entry point 'android.support.v4.content.Loader { void unregisterOnLoadCanceledListener(android.support.v4.content.Loader$OnLoadCanceledListener); }', but not the descriptor class 'android.support.v4.content.Loader$OnLoadCanceledListener'
Note: the configuration keeps the entry point 'android.support.v4.view.ViewPager { void setAdapter(android.support.v4.view.PagerAdapter); }', but not the descriptor class 'android.support.v4.view.PagerAdapter'
Note: the configuration keeps the entry point 'android.support.v4.view.ViewPager { void setOnAdapterChangeListener(android.support.v4.view.ViewPager$OnAdapterChangeListener); }', but not the descriptor class 'android.support.v4.view.ViewPager$OnAdapterChangeListener'
Note: the configuration keeps the entry point 'android.support.v4.view.ViewPager { void setOnPageChangeListener(android.support.v4.view.ViewPager$OnPageChangeListener); }', but not the descriptor class 'android.support.v4.view.ViewPager$OnPageChangeListener'
Note: the configuration keeps the entry point 'android.support.v4.widget.NestedScrollView { void setOnScrollChangeListener(android.support.v4.widget.NestedScrollView$OnScrollChangeListener); }', but not the descriptor class 'android.support.v4.widget.NestedScrollView$OnScrollChangeListener'
Note: the configuration keeps the entry point 'android.support.v4.widget.SlidingPaneLayout { void setPanelSlideListener(android.support.v4.widget.SlidingPaneLayout$PanelSlideListener); }', but not the descriptor class 'android.support.v4.widget.SlidingPaneLayout$PanelSlideListener'
Note: the configuration keeps the entry point 'android.support.v4.widget.SwipeRefreshLayout { void setOnRefreshListener(android.support.v4.widget.SwipeRefreshLayout$OnRefreshListener); }', but not the descriptor class 'android.support.v4.widget.SwipeRefreshLayout$OnRefreshListener'
Note: the configuration keeps the entry point 'android.support.v7.view.menu.ActionMenuItemView { void setItemInvoker(android.support.v7.view.menu.MenuBuilder$ItemInvoker); }', but not the descriptor class 'android.support.v7.view.menu.MenuBuilder$ItemInvoker'
Note: the configuration keeps the entry point 'android.support.v7.view.menu.ActionMenuItemView { void setPopupCallback(android.support.v7.view.menu.ActionMenuItemView$PopupCallback); }', but not the descriptor class 'android.support.v7.view.menu.ActionMenuItemView$PopupCallback'
Note: the configuration keeps the entry point 'android.support.v7.widget.ActionBarContainer { void setTabContainer(android.support.v7.widget.ScrollingTabContainerView); }', but not the descriptor class 'android.support.v7.widget.ScrollingTabContainerView'
Note: the configuration keeps the entry point 'android.support.v7.widget.ActionBarOverlayLayout { void setActionBarVisibilityCallback(android.support.v7.widget.ActionBarOverlayLayout$ActionBarVisibilityCallback); }', but not the descriptor class 'android.support.v7.widget.ActionBarOverlayLayout$ActionBarVisibilityCallback'
Note: the configuration keeps the entry point 'android.support.v7.widget.ActionMenuView { void setPresenter(android.support.v7.widget.ActionMenuPresenter); }', but not the descriptor class 'android.support.v7.widget.ActionMenuPresenter'
Note: the configuration keeps the entry point 'android.support.v7.widget.ActionMenuView { void setOnMenuItemClickListener(android.support.v7.widget.ActionMenuView$OnMenuItemClickListener); }', but not the descriptor class 'android.support.v7.widget.ActionMenuView$OnMenuItemClickListener'
Note: the configuration keeps the entry point 'android.support.v7.widget.ActivityChooserView { void setActivityChooserModel(android.support.v7.widget.ActivityChooserModel); }', but not the descriptor class 'android.support.v7.widget.ActivityChooserModel'
Note: the configuration keeps the entry point 'android.support.v7.widget.ActivityChooserView { void setProvider(android.support.v4.view.ActionProvider); }', but not the descriptor class 'android.support.v4.view.ActionProvider'
Note: the configuration keeps the entry point 'android.support.v7.widget.ContentFrameLayout { void setAttachListener(android.support.v7.widget.ContentFrameLayout$OnAttachListener); }', but not the descriptor class 'android.support.v7.widget.ContentFrameLayout$OnAttachListener'
Note: the configuration keeps the entry point 'android.support.v7.widget.FitWindowsFrameLayout { void setOnFitSystemWindowsListener(android.support.v7.widget.FitWindowsViewGroup$OnFitSystemWindowsListener); }', but not the descriptor class 'android.support.v7.widget.FitWindowsViewGroup$OnFitSystemWindowsListener'
Note: the configuration keeps the entry point 'android.support.v7.widget.FitWindowsLinearLayout { void setOnFitSystemWindowsListener(android.support.v7.widget.FitWindowsViewGroup$OnFitSystemWindowsListener); }', but not the descriptor class 'android.support.v7.widget.FitWindowsViewGroup$OnFitSystemWindowsListener'
Note: the configuration keeps the entry point 'android.support.v7.widget.RecyclerView { void setAccessibilityDelegateCompat(android.support.v7.widget.RecyclerViewAccessibilityDelegate); }', but not the descriptor class 'android.support.v7.widget.RecyclerViewAccessibilityDelegate'
Note: the configuration keeps the entry point 'android.support.v7.widget.RecyclerView { void setAdapter(android.support.v7.widget.RecyclerView$Adapter); }', but not the descriptor class 'android.support.v7.widget.RecyclerView$Adapter'
Note: the configuration keeps the entry point 'android.support.v7.widget.RecyclerView { void setRecyclerListener(android.support.v7.widget.RecyclerView$RecyclerListener); }', but not the descriptor class 'android.support.v7.widget.RecyclerView$RecyclerListener'
Note: the configuration keeps the entry point 'android.support.v7.widget.RecyclerView { void setLayoutManager(android.support.v7.widget.RecyclerView$LayoutManager); }', but not the descriptor class 'android.support.v7.widget.RecyclerView$LayoutManager'
Note: the configuration keeps the entry point 'android.support.v7.widget.RecyclerView { void setRecycledViewPool(android.support.v7.widget.RecyclerView$RecycledViewPool); }', but not the descriptor class 'android.support.v7.widget.RecyclerView$RecycledViewPool'
Note: the configuration keeps the entry point 'android.support.v7.widget.RecyclerView { void setViewCacheExtension(android.support.v7.widget.RecyclerView$ViewCacheExtension); }', but not the descriptor class 'android.support.v7.widget.RecyclerView$ViewCacheExtension'
Note: the configuration keeps the entry point 'android.support.v7.widget.RecyclerView { void setChildDrawingOrderCallback(android.support.v7.widget.RecyclerView$ChildDrawingOrderCallback); }', but not the descriptor class 'android.support.v7.widget.RecyclerView$ChildDrawingOrderCallback'
Note: the configuration keeps the entry point 'android.support.v7.widget.RecyclerView { void setOnScrollListener(android.support.v7.widget.RecyclerView$OnScrollListener); }', but not the descriptor class 'android.support.v7.widget.RecyclerView$OnScrollListener'
Note: the configuration keeps the entry point 'android.support.v7.widget.RecyclerView { void setItemAnimator(android.support.v7.widget.RecyclerView$ItemAnimator); }', but not the descriptor class 'android.support.v7.widget.RecyclerView$ItemAnimator'
Note: the configuration keeps the entry point 'android.support.v7.widget.SearchView { void setOnQueryTextListener(android.support.v7.widget.SearchView$OnQueryTextListener); }', but not the descriptor class 'android.support.v7.widget.SearchView$OnQueryTextListener'
Note: the configuration keeps the entry point 'android.support.v7.widget.SearchView { void setOnCloseListener(android.support.v7.widget.SearchView$OnCloseListener); }', but not the descriptor class 'android.support.v7.widget.SearchView$OnCloseListener'
Note: the configuration keeps the entry point 'android.support.v7.widget.SearchView { void setOnSuggestionListener(android.support.v7.widget.SearchView$OnSuggestionListener); }', but not the descriptor class 'android.support.v7.widget.SearchView$OnSuggestionListener'
Note: the configuration keeps the entry point 'android.support.v7.widget.SearchView { void setSuggestionsAdapter(android.support.v4.widget.CursorAdapter); }', but not the descriptor class 'android.support.v4.widget.CursorAdapter'
Note: the configuration keeps the entry point 'android.support.v7.widget.SearchView$SearchAutoComplete { void setSearchView(android.support.v7.widget.SearchView); }', but not the descriptor class 'android.support.v7.widget.SearchView'
Note: the configuration keeps the entry point 'android.support.v7.widget.Toolbar { void setOnMenuItemClickListener(android.support.v7.widget.Toolbar$OnMenuItemClickListener); }', but not the descriptor class 'android.support.v7.widget.Toolbar$OnMenuItemClickListener'
Note: the configuration keeps the entry point 'android.support.v7.widget.ViewStubCompat { void setOnInflateListener(android.support.v7.widget.ViewStubCompat$OnInflateListener); }', but not the descriptor class 'android.support.v7.widget.ViewStubCompat$OnInflateListener'
Note: there were 46 unkept descriptor classes in kept class members.
      You should consider explicitly keeping the mentioned classes
      (using '-keep').
      (http://proguard.sourceforge.net/manual/troubleshooting.html#descriptorclass)
Note: there were 3 unresolved dynamic references to classes or interfaces.
      You should check if you need to specify additional program jars.
      (http://proguard.sourceforge.net/manual/troubleshooting.html#dynamicalclass)
Note: there were 3 accesses to class members by means of introspection.
      You should consider explicitly keeping the mentioned class members
      (using '-keep' or '-keepclassmembers').
      (http://proguard.sourceforge.net/manual/troubleshooting.html#dynamicalclassmember)
Ignoring unused library classes...
  Original number of library classes: 3932
  Final number of library classes:    1337
Printing kept classes, fields, and methods...
Shrinking...
Printing usage to [/Users/emmanuelflorent/projects/flowzr-android-black/build/outputs/mapping/debug/usage.txt]...
Removing unused program classes and class elements...
  Original number of program classes: 7263
  Final number of program classes:    4863
Obfuscating...
Printing mapping to [/Users/emmanuelflorent/projects/flowzr-android-black/build/outputs/mapping/debug/mapping.txt]...
Writing output...
Preparing output jar [/Users/emmanuelflorent/projects/flowzr-android-black/build/intermediates/transforms/proguard/debug/jars/3/1f/main.jar]
  Copying resources from program jar [/Users/emmanuelflorent/projects/flowzr-android-black/libs/google-rfc-2445-20110304.jar] (filtered)
  Copying resources from program jar [/Users/emmanuelflorent/projects/flowzr-android-black/libs/google-api-client-android-1.20.0.jar] (filtered)
  Copying resources from program jar [/Users/emmanuelflorent/projects/flowzr-android-black/libs/json-simple-1.1.jar] (filtered)
  Copying resources from program jar [/Users/emmanuelflorent/projects/flowzr-android-black/libs/gson-2.6.1.jar] (filtered)
  Copying resources from program jar [/Users/emmanuelflorent/projects/flowzr-android-black/libs/dropbox-android-sdk-1.6.3.jar] (filtered)
  Copying resources from program jar [/Users/emmanuelflorent/projects/flowzr-android-black/libs/google-http-client-1.20.0.jar] (filtered)
  Copying resources from program jar [/Users/emmanuelflorent/.gradle/caches/modules-2/files-2.1/com.nineoldandroids/library/2.4.0/e9b63380f3a242dbdbf103a2355ad7e43bad17cb/library-2.4.0.jar] (filtered)
  Copying resources from program jar [/Users/emmanuelflorent/.gradle/caches/modules-2/files-2.1/net.sf.trove4j/trove4j/3.0.3/42ccaf4761f0dfdfa805c9e340d99a755907e2dd/trove4j-3.0.3.jar] (filtered)
  Copying resources from program jar [/Users/emmanuelflorent/Library/Android/sdk/extras/android/m2repository/com/android/support/support-annotations/23.1.1/support-annotations-23.1.1.jar] (filtered)
  Copying resources from program jar [/Users/emmanuelflorent/.gradle/caches/modules-2/files-2.1/org.achartengine/achartengine/1.2.0/f4ef741e9d34389fbac04352354a65dc98496988/achartengine-1.2.0.jar] (filtered)
  Copying resources from program jar [/Users/emmanuelflorent/projects/flowzr-android-black/build/intermediates/exploded-aar/com.android.support/multidex/1.0.1/jars/classes.jar] (filtered)
  Copying resources from program jar [/Users/emmanuelflorent/projects/flowzr-android-black/build/intermediates/exploded-aar/com.commonsware.cwac/wakeful/1.0.1/jars/classes.jar] (filtered)
  Copying resources from program jar [/Users/emmanuelflorent/projects/flowzr-android-black/build/intermediates/exploded-aar/com.android.support/design/23.1.1/jars/classes.jar] (filtered)
  Copying resources from program jar [/Users/emmanuelflorent/projects/flowzr-android-black/build/intermediates/exploded-aar/com.google.android.gms/play-services-drive/8.3.0/jars/classes.jar] (filtered)
  Copying resources from program jar [/Users/emmanuelflorent/projects/flowzr-android-black/build/intermediates/exploded-aar/com.google.android.gms/play-services-location/8.3.0/jars/classes.jar] (filtered)
  Copying resources from program jar [/Users/emmanuelflorent/projects/flowzr-android-black/build/intermediates/exploded-aar/com.google.android.gms/play-services-maps/8.3.0/jars/classes.jar] (filtered)
  Copying resources from program jar [/Users/emmanuelflorent/projects/flowzr-android-black/build/intermediates/exploded-aar/com.google.android.gms/play-services-auth/8.3.0/jars/classes.jar] (filtered)
  Copying resources from program jar [/Users/emmanuelflorent/projects/flowzr-android-black/build/intermediates/exploded-aar/com.google.android.gms/play-services-plus/8.3.0/jars/classes.jar] (filtered)
  Copying resources from program jar [/Users/emmanuelflorent/projects/flowzr-android-black/build/intermediates/exploded-aar/com.google.android.gms/play-services-gcm/8.3.0/jars/classes.jar] (filtered)
  Copying resources from program jar [/Users/emmanuelflorent/projects/flowzr-android-black/build/intermediates/exploded-aar/com.google.android.gms/play-services-base/8.3.0/jars/classes.jar] (filtered)
  Copying resources from program jar [/Users/emmanuelflorent/projects/flowzr-android-black/build/intermediates/exploded-aar/com.google.android.gms/play-services-measurement/8.3.0/jars/classes.jar] (filtered)
  Copying resources from program jar [/Users/emmanuelflorent/projects/flowzr-android-black/build/intermediates/exploded-aar/com.google.android.gms/play-services-basement/8.3.0/jars/classes.jar] (filtered)
  Copying resources from program jar [/Users/emmanuelflorent/projects/flowzr-android-black/build/intermediates/exploded-aar/com.github.ganfra/material-spinner/1.1.1/jars/classes.jar] (filtered)
  Copying resources from program jar [/Users/emmanuelflorent/projects/flowzr-android-black/build/intermediates/exploded-aar/com.android.support/appcompat-v7/23.1.1/jars/classes.jar] (filtered)
  Copying resources from program jar [/Users/emmanuelflorent/projects/flowzr-android-black/build/intermediates/exploded-aar/com.android.support/recyclerview-v7/23.1.1/jars/classes.jar] (filtered)
  Copying resources from program jar [/Users/emmanuelflorent/projects/flowzr-android-black/build/intermediates/exploded-aar/com.android.support/support-v4/23.1.1/jars/classes.jar] (filtered)
  Copying resources from program jar [/Users/emmanuelflorent/projects/flowzr-android-black/build/intermediates/exploded-aar/com.android.support/support-v4/23.1.1/jars/libs/internal_impl-23.1.1.jar] (filtered)
  Copying resources from program jar [/Users/emmanuelflorent/projects/flowzr-android-black/build/intermediates/transforms/mergeJavaRes/debug/jars/2/1f/main.jar] (filtered)
  Copying resources from program directory [/Users/emmanuelflorent/projects/flowzr-android-black/build/intermediates/transforms/mergeJavaRes/debug/folders/2/1f/main] (filtered)
  Copying resources from program directory [/Users/emmanuelflorent/projects/flowzr-android-black/build/intermediates/classes/debug] (filtered)
Printing classes to [/Users/emmanuelflorent/projects/flowzr-android-black/build/outputs/mapping/debug/dump.txt]...
:collectDebugMultiDexComponents UP-TO-DATE
:transformClassesWithMultidexlistForDebug
ProGuard, version 5.2.1
Reading program jar [/Users/emmanuelflorent/projects/flowzr-android-black/build/intermediates/transforms/proguard/debug/jars/3/1f/main.jar]
Reading library jar [/Users/emmanuelflorent/Library/Android/sdk/build-tools/23.0.2/lib/shrinkedAndroid.jar]
Note: android.support.design.widget.CoordinatorLayout calls 'Class.getAnnotation'
Note: com.flowzr.orb.EntityManager calls 'Class.getAnnotation'
Note: com.flowzr.orb.EntityManager calls 'Field.getAnnotation'
Note: com.google.api.client.json.JsonGenerator calls 'Field.getAnnotation'
Note: com.google.api.client.json.JsonParser calls 'Field.getAnnotation'
Note: com.google.api.client.util.FieldInfo calls 'Field.getAnnotation'
Note: com.google.gson.FieldAttributes calls 'Field.getAnnotation'
Note: com.google.gson.FieldAttributes calls 'Field.getAnnotations'
Note: com.google.gson.internal.Excluder calls 'Class.getAnnotation'
Note: com.google.gson.internal.Excluder calls 'Field.getAnnotation'
Note: com.google.gson.internal.bind.JsonAdapterAnnotationTypeAdapterFactory calls 'Class.getAnnotation'
Note: com.google.gson.internal.bind.ReflectiveTypeAdapterFactory calls 'Field.getAnnotation'
Note: com.google.gson.internal.bind.TypeAdapters$EnumTypeAdapter calls 'Field.getAnnotation'
Note: android.support.v4.app.cm calls 'Field.getType'
Note: com.flowzr.orb.EntityDefinition calls 'Field.getType'
Note: com.flowzr.orb.EntityManager calls 'Field.getType'
Note: com.flowzr.orb.FieldInfo calls 'Field.getType'
Note: com.flowzr.orb.FieldType calls 'Field.getType'
Note: com.google.android.gms.internal.zztl calls 'Field.getType'
Note: com.google.api.client.json.JsonParser calls 'Field.getGenericType'
Note: com.google.api.client.json.JsonParser calls 'Field.getType'
Note: com.google.api.client.util.FieldInfo calls 'Field.getGenericType'
Note: com.google.api.client.util.FieldInfo calls 'Field.getType'
Note: com.google.api.client.util.Types calls 'Class.getGenericInterfaces'
Note: com.google.api.client.util.Types calls 'Class.getGenericSuperclass'
Note: com.google.gson.FieldAttributes calls 'Field.getGenericType'
Note: com.google.gson.FieldAttributes calls 'Field.getType'
Note: com.google.gson.internal.$Gson$Types calls 'Class.getGenericInterfaces'
Note: com.google.gson.internal.$Gson$Types calls 'Class.getGenericSuperclass'
Note: com.google.gson.internal.$Gson$Types calls 'Class.getTypeParameters'
Note: com.google.gson.internal.Excluder calls 'Field.getType'
Note: com.google.gson.internal.bind.ReflectiveTypeAdapterFactory calls 'Class.getGenericSuperclass'
Note: com.google.gson.internal.bind.ReflectiveTypeAdapterFactory calls 'Field.getGenericType'
Note: com.google.gson.internal.bind.ReflectiveTypeAdapterFactory calls 'Field.getType'
Note: com.google.gson.reflect.TypeToken calls 'Class.getGenericInterfaces'
Note: com.google.gson.reflect.TypeToken calls 'Class.getGenericSuperclass'
Note: com.google.gson.reflect.TypeToken calls 'Class.getTypeParameters'
Note: com.google.api.client.util.Types calls 'Class.getEnclosingClass'
Note: com.google.gson.internal.$Gson$Types$ParameterizedTypeImpl calls 'Class.getEnclosingClass'
Note: android.support.v4.f.f: can't find dynamically referenced class libcore.icu.ICU
Note: android.support.v4.f.g: can't find dynamically referenced class libcore.icu.ICU
Note: com.google.android.gms.internal.zzlf: can't find dynamically referenced class com.facebook.Session
Note: com.google.android.gms.internal.zzlf: can't find dynamically referenced class com.facebook.FacebookSdk
Note: com.google.android.gms.internal.zzlf: can't find dynamically referenced class com.facebook.Session
Note: com.google.android.gms.internal.zzlf: can't find dynamically referenced class com.facebook.CallbackManager$Factory
Note: com.google.android.gms.internal.zzlf: can't find dynamically referenced class com.facebook.login.LoginManager
Note: com.google.android.gms.internal.zzlf: can't find dynamically referenced class com.facebook.CallbackManager
Note: com.google.android.gms.internal.zzlf: can't find dynamically referenced class com.facebook.FacebookCallback
Note: com.google.android.gms.internal.zzlf: can't find dynamically referenced class com.facebook.FacebookSdk
Note: com.google.android.gms.internal.zzlf: can't find dynamically referenced class com.facebook.login.LoginManager
Note: com.google.android.gms.internal.zzlf: can't find dynamically referenced class com.facebook.Session
Note: com.google.android.gms.internal.zzlf: can't find dynamically referenced class com.facebook.login.LoginManager
Note: com.google.android.gms.internal.zzlf: can't find dynamically referenced class com.facebook.Session$OpenRequest
Note: com.google.android.gms.internal.zzlf: can't find dynamically referenced class com.facebook.Session
Note: com.google.android.gms.internal.zzlf: can't find dynamically referenced class com.facebook.Session$StatusCallback
Note: com.google.android.gms.internal.zzlf: can't find dynamically referenced class com.facebook.FacebookCallback
Note: com.google.android.gms.internal.zzlf: can't find dynamically referenced class com.facebook.Session
Note: com.google.android.gms.internal.zzlf: can't find dynamically referenced class com.facebook.Session$StatusCallback
Note: com.google.android.gms.internal.zzlf$1: can't find dynamically referenced class com.facebook.login.LoginResult
Note: com.google.android.gms.internal.zzlf$1: can't find dynamically referenced class com.facebook.FacebookException
Note: com.google.android.gms.internal.zzlf$1: can't find dynamically referenced class com.facebook.AccessToken
Note: com.google.android.gms.internal.zzlf$2: can't find dynamically referenced class com.facebook.SessionState
Note: com.google.android.gms.maps.internal.zzy: can't find dynamically referenced class com.google.android.gms.maps.internal.CreatorImpl
Note: com.google.api.client.util.IOUtils: can't find dynamically referenced class java.nio.file.Files
Note: com.google.api.client.util.IOUtils: can't find dynamically referenced class java.nio.file.Path
Note: com.google.gson.internal.UnsafeAllocator: can't find dynamically referenced class sun.misc.Unsafe
Note: android.support.multidex.e accesses a method 'apply()' dynamically
Note: android.support.v4.f.f accesses a method 'addLikelySubtags(java.util.Locale)' dynamically
Note: android.support.v4.f.g accesses a method 'getScript(java.lang.String)' dynamically
Note: android.support.v4.f.g accesses a method 'addLikelySubtags(java.lang.String)' dynamically
Note: android.support.v7.widget.ga accesses a method 'makeOptionalFitsSystemWindows()' dynamically
Note: com.google.android.gms.common.internal.DowngradeableSafeParcel accesses a field 'NULL' dynamically
      Maybe this is program field 'com.google.android.gms.common.internal.safeparcel.SafeParcelable { java.lang.String NULL; }'
      Maybe this is program field 'com.google.gson.stream.JsonToken { com.google.gson.stream.JsonToken NULL; }'
Note: com.google.android.gms.internal.zzlf accesses a declared method 'getActiveSession()' dynamically
Note: com.google.android.gms.internal.zzlf accesses a declared method 'create()' dynamically
      Maybe this is program method 'com.flowzr.orb.EntityDefinition$Builder { com.flowzr.orb.EntityDefinition create(); }'
      Maybe this is program method 'com.flowzr.view.NodeInflater$Builder { android.view.View create(); }'
      Maybe this is program method 'com.google.android.gms.location.LocationRequest { com.google.android.gms.location.LocationRequest create(); }'
      Maybe this is program method 'com.google.api.client.util.ArrayMap { com.google.api.client.util.ArrayMap create(); }'
      Maybe this is program method 'com.google.gson.GsonBuilder { com.google.gson.Gson create(); }'
      Maybe this is program method 'com.google.gson.internal.UnsafeAllocator { com.google.gson.internal.UnsafeAllocator create(); }'
Note: com.google.android.gms.internal.zzlf accesses a declared method 'getInstance()' dynamically
      Maybe this is program method 'com.google.android.gms.common.GoogleApiAvailability { com.google.android.gms.common.GoogleApiAvailability getInstance(); }'
Note: com.google.android.gms.internal.zzlf accesses a declared method 'getInstance()' dynamically
      Maybe this is program method 'com.google.android.gms.common.GoogleApiAvailability { com.google.android.gms.common.GoogleApiAvailability getInstance(); }'
Note: com.google.android.gms.internal.zzlf accesses a declared method 'logOut()' dynamically
Note: com.google.android.gms.internal.zzlf accesses a declared method 'getActiveSession()' dynamically
Note: com.google.android.gms.internal.zzlf accesses a declared method 'closeAndClearTokenInformation()' dynamically
Note: com.google.android.gms.internal.zzlf accesses a declared method 'logInWithReadPermissions(android.app.Activity,java.util.Collection)' dynamically
Note: com.google.android.gms.internal.zzlf accesses a declared method 'setPermissions(java.util.List)' dynamically
Note: com.google.android.gms.internal.zzlf$1 accesses a declared method 'getAccessToken()' dynamically
Note: com.google.android.gms.internal.zzlf$1 accesses a method 'getToken()' dynamically
      Maybe this is program method 'com.flowzr.export.billing.Purchase { java.lang.String getToken(); }'
      Maybe this is program method 'com.google.android.gms.auth.TokenData { java.lang.String getToken(); }'
      Maybe this is program method 'com.google.api.client.googleapis.extensions.android.gms.auth.GoogleAccountCredential { java.lang.String getToken(); }'
Note: com.google.android.gms.internal.zzlf$2 accesses a declared method 'isOpened()' dynamically
      Maybe this is program method 'com.flowzr.view.MyFloatingActionMenu { boolean isOpened(); }'
Note: com.google.android.gms.internal.zzlf$2 accesses a declared method 'getAccessToken()' dynamically
Note: com.google.android.gms.measurement.internal.zzy accesses a declared method 'initialize(android.content.Context)' dynamically
      Maybe this is program method 'com.google.android.gms.maps.MapsInitializer { int initialize(android.content.Context); }'
Note: com.google.gson.internal.UnsafeAllocator accesses a declared field 'theUnsafe' dynamically
Note: com.google.gson.internal.UnsafeAllocator accesses a method 'allocateInstance(java.lang.Class)' dynamically
Note: there were 13 classes trying to access annotations using reflection.
      You should consider keeping the annotation attributes
      (using '-keepattributes *Annotation*').
      (http://proguard.sourceforge.net/manual/troubleshooting.html#attributes)
Note: there were 24 classes trying to access generic signatures using reflection.
      You should consider keeping the signature attributes
      (using '-keepattributes Signature').
      (http://proguard.sourceforge.net/manual/troubleshooting.html#attributes)
Note: there were 2 classes trying to access enclosing classes using reflection.
      You should consider keeping the inner classes attributes
      (using '-keepattributes InnerClasses').
      (http://proguard.sourceforge.net/manual/troubleshooting.html#attributes)
Note: there were 27 unresolved dynamic references to classes or interfaces.
      You should check if you need to specify additional program jars.
      (http://proguard.sourceforge.net/manual/troubleshooting.html#dynamicalclass)
Note: there were 22 accesses to class members by means of introspection.
      You should consider explicitly keeping the mentioned class members
      (using '-keep' or '-keepclassmembers').
      (http://proguard.sourceforge.net/manual/troubleshooting.html#dynamicalclassmember)
Note: you're ignoring all warnings!
Preparing output jar [/Users/emmanuelflorent/projects/flowzr-android-black/build/intermediates/multi-dex/debug/componentClasses.jar]
  Copying resources from program jar [/Users/emmanuelflorent/projects/flowzr-android-black/build/intermediates/transforms/proguard/debug/jars/3/1f/main.jar]
:transformClassesWithDexForDebug
:transformClassesWithShrinkResForDebug
Removed unused resources: Binary resource data reduced from 3217KB to 3217KB: Removed 0%
Note: If necessary, you can disable resource shrinking by adding
android {
    buildTypes {
        debug {
            shrinkResources false
        }
    }
}
:mergeDebugJniLibFolders UP-TO-DATE
:transformNative_libsWithMergeJniLibsForDebug UP-TO-DATE
:validateConfigSigning
:packageDebug
:zipalignDebug
:assembleDebug
:checkReleaseManifest
:prepareReleaseDependencies
:compileReleaseAidl UP-TO-DATE
:compileReleaseRenderscript UP-TO-DATE
:generateReleaseBuildConfig UP-TO-DATE
:generateReleaseAssets UP-TO-DATE
:mergeReleaseAssets UP-TO-DATE
:generateReleaseResValues UP-TO-DATE
:generateReleaseResources UP-TO-DATE
:mergeReleaseResources UP-TO-DATE
:processReleaseManifest UP-TO-DATE
:processReleaseResources UP-TO-DATE
:generateReleaseSources UP-TO-DATE
:compileReleaseJavaWithJavac UP-TO-DATE
:compileReleaseNdk UP-TO-DATE
:compileReleaseSources UP-TO-DATE
:lintVitalRelease
:processReleaseJavaRes UP-TO-DATE
:transformResourcesWithMergeJavaResForRelease UP-TO-DATE
:transformClassesAndResourcesWithProguardForRelease
ProGuard, version 5.2.1
Reading input...
Reading program jar [/Users/emmanuelflorent/projects/flowzr-android-black/libs/google-api-client-android-1.20.0.jar] (filtered)
Reading program jar [/Users/emmanuelflorent/projects/flowzr-android-black/libs/google-http-client-1.20.0.jar] (filtered)
Reading program jar [/Users/emmanuelflorent/projects/flowzr-android-black/libs/json-simple-1.1.jar] (filtered)
Reading program jar [/Users/emmanuelflorent/projects/flowzr-android-black/libs/dropbox-android-sdk-1.6.3.jar] (filtered)
Reading program jar [/Users/emmanuelflorent/projects/flowzr-android-black/libs/gson-2.6.1.jar] (filtered)
Reading program jar [/Users/emmanuelflorent/projects/flowzr-android-black/libs/google-rfc-2445-20110304.jar] (filtered)
Reading program jar [/Users/emmanuelflorent/.gradle/caches/modules-2/files-2.1/org.achartengine/achartengine/1.2.0/f4ef741e9d34389fbac04352354a65dc98496988/achartengine-1.2.0.jar] (filtered)
Reading program jar [/Users/emmanuelflorent/.gradle/caches/modules-2/files-2.1/net.sf.trove4j/trove4j/3.0.3/42ccaf4761f0dfdfa805c9e340d99a755907e2dd/trove4j-3.0.3.jar] (filtered)
Reading program jar [/Users/emmanuelflorent/.gradle/caches/modules-2/files-2.1/com.nineoldandroids/library/2.4.0/e9b63380f3a242dbdbf103a2355ad7e43bad17cb/library-2.4.0.jar] (filtered)
Reading program jar [/Users/emmanuelflorent/Library/Android/sdk/extras/android/m2repository/com/android/support/support-annotations/23.1.1/support-annotations-23.1.1.jar] (filtered)
Reading program jar [/Users/emmanuelflorent/projects/flowzr-android-black/build/intermediates/exploded-aar/com.android.support/multidex/1.0.1/jars/classes.jar] (filtered)
Reading program jar [/Users/emmanuelflorent/projects/flowzr-android-black/build/intermediates/exploded-aar/com.commonsware.cwac/wakeful/1.0.1/jars/classes.jar] (filtered)
Reading program jar [/Users/emmanuelflorent/projects/flowzr-android-black/build/intermediates/exploded-aar/com.android.support/design/23.1.1/jars/classes.jar] (filtered)
Reading program jar [/Users/emmanuelflorent/projects/flowzr-android-black/build/intermediates/exploded-aar/com.google.android.gms/play-services-drive/8.3.0/jars/classes.jar] (filtered)
Reading program jar [/Users/emmanuelflorent/projects/flowzr-android-black/build/intermediates/exploded-aar/com.google.android.gms/play-services-location/8.3.0/jars/classes.jar] (filtered)
Reading program jar [/Users/emmanuelflorent/projects/flowzr-android-black/build/intermediates/exploded-aar/com.google.android.gms/play-services-maps/8.3.0/jars/classes.jar] (filtered)
Reading program jar [/Users/emmanuelflorent/projects/flowzr-android-black/build/intermediates/exploded-aar/com.google.android.gms/play-services-auth/8.3.0/jars/classes.jar] (filtered)
Reading program jar [/Users/emmanuelflorent/projects/flowzr-android-black/build/intermediates/exploded-aar/com.google.android.gms/play-services-plus/8.3.0/jars/classes.jar] (filtered)
Reading program jar [/Users/emmanuelflorent/projects/flowzr-android-black/build/intermediates/exploded-aar/com.google.android.gms/play-services-gcm/8.3.0/jars/classes.jar] (filtered)
Reading program jar [/Users/emmanuelflorent/projects/flowzr-android-black/build/intermediates/exploded-aar/com.google.android.gms/play-services-base/8.3.0/jars/classes.jar] (filtered)
Reading program jar [/Users/emmanuelflorent/projects/flowzr-android-black/build/intermediates/exploded-aar/com.google.android.gms/play-services-measurement/8.3.0/jars/classes.jar] (filtered)
Reading program jar [/Users/emmanuelflorent/projects/flowzr-android-black/build/intermediates/exploded-aar/com.google.android.gms/play-services-basement/8.3.0/jars/classes.jar] (filtered)
Reading program jar [/Users/emmanuelflorent/projects/flowzr-android-black/build/intermediates/exploded-aar/com.github.ganfra/material-spinner/1.1.1/jars/classes.jar] (filtered)
Reading program jar [/Users/emmanuelflorent/projects/flowzr-android-black/build/intermediates/exploded-aar/com.android.support/appcompat-v7/23.1.1/jars/classes.jar] (filtered)
Reading program jar [/Users/emmanuelflorent/projects/flowzr-android-black/build/intermediates/exploded-aar/com.android.support/recyclerview-v7/23.1.1/jars/classes.jar] (filtered)
Reading program jar [/Users/emmanuelflorent/projects/flowzr-android-black/build/intermediates/exploded-aar/com.android.support/support-v4/23.1.1/jars/classes.jar] (filtered)
Reading program jar [/Users/emmanuelflorent/projects/flowzr-android-black/build/intermediates/exploded-aar/com.android.support/support-v4/23.1.1/jars/libs/internal_impl-23.1.1.jar] (filtered)
Reading program jar [/Users/emmanuelflorent/projects/flowzr-android-black/build/intermediates/transforms/mergeJavaRes/release/jars/2/1f/main.jar] (filtered)
Reading program directory [/Users/emmanuelflorent/projects/flowzr-android-black/build/intermediates/transforms/mergeJavaRes/release/folders/2/1f/main] (filtered)
Reading program directory [/Users/emmanuelflorent/projects/flowzr-android-black/build/intermediates/classes/release] (filtered)
Reading library jar [/Users/emmanuelflorent/Library/Android/sdk/platforms/android-23/android.jar]
Reading library jar [/Users/emmanuelflorent/Library/Android/sdk/add-ons/addon-google_apis-google-23/libs/effects.jar]
Reading library jar [/Users/emmanuelflorent/Library/Android/sdk/add-ons/addon-google_apis-google-23/libs/usb.jar]
Reading library jar [/Users/emmanuelflorent/Library/Android/sdk/add-ons/addon-google_apis-google-23/libs/maps.jar]
Reading library jar [/Users/emmanuelflorent/Library/Android/sdk/platforms/android-23/optional/org.apache.http.legacy.jar]
Initializing...
Ignoring unused library classes...
  Original number of library classes: 3932
  Final number of library classes:    1337
Printing kept classes, fields, and methods...
Shrinking...
Printing usage to [/Users/emmanuelflorent/projects/flowzr-android-black/build/outputs/mapping/release/usage.txt]...
Removing unused program classes and class elements...
  Original number of program classes: 7263
  Final number of program classes:    4863
Obfuscating...
Printing mapping to [/Users/emmanuelflorent/projects/flowzr-android-black/build/outputs/mapping/release/mapping.txt]...
Writing output...
Preparing output jar [/Users/emmanuelflorent/projects/flowzr-android-black/build/intermediates/transforms/proguard/release/jars/3/1f/main.jar]
  Copying resources from program jar [/Users/emmanuelflorent/projects/flowzr-android-black/libs/google-api-client-android-1.20.0.jar] (filtered)
  Copying resources from program jar [/Users/emmanuelflorent/projects/flowzr-android-black/libs/google-http-client-1.20.0.jar] (filtered)
  Copying resources from program jar [/Users/emmanuelflorent/projects/flowzr-android-black/libs/json-simple-1.1.jar] (filtered)
  Copying resources from program jar [/Users/emmanuelflorent/projects/flowzr-android-black/libs/dropbox-android-sdk-1.6.3.jar] (filtered)
  Copying resources from program jar [/Users/emmanuelflorent/projects/flowzr-android-black/libs/gson-2.6.1.jar] (filtered)
  Copying resources from program jar [/Users/emmanuelflorent/projects/flowzr-android-black/libs/google-rfc-2445-20110304.jar] (filtered)
  Copying resources from program jar [/Users/emmanuelflorent/.gradle/caches/modules-2/files-2.1/org.achartengine/achartengine/1.2.0/f4ef741e9d34389fbac04352354a65dc98496988/achartengine-1.2.0.jar] (filtered)
  Copying resources from program jar [/Users/emmanuelflorent/.gradle/caches/modules-2/files-2.1/net.sf.trove4j/trove4j/3.0.3/42ccaf4761f0dfdfa805c9e340d99a755907e2dd/trove4j-3.0.3.jar] (filtered)
  Copying resources from program jar [/Users/emmanuelflorent/.gradle/caches/modules-2/files-2.1/com.nineoldandroids/library/2.4.0/e9b63380f3a242dbdbf103a2355ad7e43bad17cb/library-2.4.0.jar] (filtered)
  Copying resources from program jar [/Users/emmanuelflorent/Library/Android/sdk/extras/android/m2repository/com/android/support/support-annotations/23.1.1/support-annotations-23.1.1.jar] (filtered)
  Copying resources from program jar [/Users/emmanuelflorent/projects/flowzr-android-black/build/intermediates/exploded-aar/com.android.support/multidex/1.0.1/jars/classes.jar] (filtered)
  Copying resources from program jar [/Users/emmanuelflorent/projects/flowzr-android-black/build/intermediates/exploded-aar/com.commonsware.cwac/wakeful/1.0.1/jars/classes.jar] (filtered)
  Copying resources from program jar [/Users/emmanuelflorent/projects/flowzr-android-black/build/intermediates/exploded-aar/com.android.support/design/23.1.1/jars/classes.jar] (filtered)
  Copying resources from program jar [/Users/emmanuelflorent/projects/flowzr-android-black/build/intermediates/exploded-aar/com.google.android.gms/play-services-drive/8.3.0/jars/classes.jar] (filtered)
  Copying resources from program jar [/Users/emmanuelflorent/projects/flowzr-android-black/build/intermediates/exploded-aar/com.google.android.gms/play-services-location/8.3.0/jars/classes.jar] (filtered)
  Copying resources from program jar [/Users/emmanuelflorent/projects/flowzr-android-black/build/intermediates/exploded-aar/com.google.android.gms/play-services-maps/8.3.0/jars/classes.jar] (filtered)
  Copying resources from program jar [/Users/emmanuelflorent/projects/flowzr-android-black/build/intermediates/exploded-aar/com.google.android.gms/play-services-auth/8.3.0/jars/classes.jar] (filtered)
  Copying resources from program jar [/Users/emmanuelflorent/projects/flowzr-android-black/build/intermediates/exploded-aar/com.google.android.gms/play-services-plus/8.3.0/jars/classes.jar] (filtered)
  Copying resources from program jar [/Users/emmanuelflorent/projects/flowzr-android-black/build/intermediates/exploded-aar/com.google.android.gms/play-services-gcm/8.3.0/jars/classes.jar] (filtered)
  Copying resources from program jar [/Users/emmanuelflorent/projects/flowzr-android-black/build/intermediates/exploded-aar/com.google.android.gms/play-services-base/8.3.0/jars/classes.jar] (filtered)
  Copying resources from program jar [/Users/emmanuelflorent/projects/flowzr-android-black/build/intermediates/exploded-aar/com.google.android.gms/play-services-measurement/8.3.0/jars/classes.jar] (filtered)
  Copying resources from program jar [/Users/emmanuelflorent/projects/flowzr-android-black/build/intermediates/exploded-aar/com.google.android.gms/play-services-basement/8.3.0/jars/classes.jar] (filtered)
  Copying resources from program jar [/Users/emmanuelflorent/projects/flowzr-android-black/build/intermediates/exploded-aar/com.github.ganfra/material-spinner/1.1.1/jars/classes.jar] (filtered)
  Copying resources from program jar [/Users/emmanuelflorent/projects/flowzr-android-black/build/intermediates/exploded-aar/com.android.support/appcompat-v7/23.1.1/jars/classes.jar] (filtered)
  Copying resources from program jar [/Users/emmanuelflorent/projects/flowzr-android-black/build/intermediates/exploded-aar/com.android.support/recyclerview-v7/23.1.1/jars/classes.jar] (filtered)
  Copying resources from program jar [/Users/emmanuelflorent/projects/flowzr-android-black/build/intermediates/exploded-aar/com.android.support/support-v4/23.1.1/jars/classes.jar] (filtered)
  Copying resources from program jar [/Users/emmanuelflorent/projects/flowzr-android-black/build/intermediates/exploded-aar/com.android.support/support-v4/23.1.1/jars/libs/internal_impl-23.1.1.jar] (filtered)
  Copying resources from program jar [/Users/emmanuelflorent/projects/flowzr-android-black/build/intermediates/transforms/mergeJavaRes/release/jars/2/1f/main.jar] (filtered)
  Copying resources from program directory [/Users/emmanuelflorent/projects/flowzr-android-black/build/intermediates/transforms/mergeJavaRes/release/folders/2/1f/main] (filtered)
  Copying resources from program directory [/Users/emmanuelflorent/projects/flowzr-android-black/build/intermediates/classes/release] (filtered)
Printing classes to [/Users/emmanuelflorent/projects/flowzr-android-black/build/outputs/mapping/release/dump.txt]...
:collectReleaseMultiDexComponents UP-TO-DATE
:transformClassesWithMultidexlistForRelease
ProGuard, version 5.2.1
Reading program jar [/Users/emmanuelflorent/projects/flowzr-android-black/build/intermediates/transforms/proguard/release/jars/3/1f/main.jar]
Reading library jar [/Users/emmanuelflorent/Library/Android/sdk/build-tools/23.0.2/lib/shrinkedAndroid.jar]
Note: android.support.design.widget.CoordinatorLayout calls 'Class.getAnnotation'
Note: com.flowzr.orb.EntityManager calls 'Class.getAnnotation'
Note: com.flowzr.orb.EntityManager calls 'Field.getAnnotation'
Note: com.google.api.client.json.JsonGenerator calls 'Field.getAnnotation'
Note: com.google.api.client.json.JsonParser calls 'Field.getAnnotation'
Note: com.google.api.client.util.FieldInfo calls 'Field.getAnnotation'
Note: com.google.gson.FieldAttributes calls 'Field.getAnnotation'
Note: com.google.gson.FieldAttributes calls 'Field.getAnnotations'
Note: com.google.gson.internal.Excluder calls 'Class.getAnnotation'
Note: com.google.gson.internal.Excluder calls 'Field.getAnnotation'
Note: com.google.gson.internal.bind.JsonAdapterAnnotationTypeAdapterFactory calls 'Class.getAnnotation'
Note: com.google.gson.internal.bind.ReflectiveTypeAdapterFactory calls 'Field.getAnnotation'
Note: com.google.gson.internal.bind.TypeAdapters$EnumTypeAdapter calls 'Field.getAnnotation'
Note: android.support.v4.app.cm calls 'Field.getType'
Note: com.flowzr.orb.EntityDefinition calls 'Field.getType'
Note: com.flowzr.orb.EntityManager calls 'Field.getType'
Note: com.flowzr.orb.FieldInfo calls 'Field.getType'
Note: com.flowzr.orb.FieldType calls 'Field.getType'
Note: com.google.android.gms.internal.zztl calls 'Field.getType'
Note: com.google.api.client.json.JsonParser calls 'Field.getGenericType'
Note: com.google.api.client.json.JsonParser calls 'Field.getType'
Note: com.google.api.client.util.FieldInfo calls 'Field.getGenericType'
Note: com.google.api.client.util.FieldInfo calls 'Field.getType'
Note: com.google.api.client.util.Types calls 'Class.getGenericInterfaces'
Note: com.google.api.client.util.Types calls 'Class.getGenericSuperclass'
Note: com.google.gson.FieldAttributes calls 'Field.getGenericType'
Note: com.google.gson.FieldAttributes calls 'Field.getType'
Note: com.google.gson.internal.$Gson$Types calls 'Class.getGenericInterfaces'
Note: com.google.gson.internal.$Gson$Types calls 'Class.getGenericSuperclass'
Note: com.google.gson.internal.$Gson$Types calls 'Class.getTypeParameters'
Note: com.google.gson.internal.Excluder calls 'Field.getType'
Note: com.google.gson.internal.bind.ReflectiveTypeAdapterFactory calls 'Class.getGenericSuperclass'
Note: com.google.gson.internal.bind.ReflectiveTypeAdapterFactory calls 'Field.getGenericType'
Note: com.google.gson.internal.bind.ReflectiveTypeAdapterFactory calls 'Field.getType'
Note: com.google.gson.reflect.TypeToken calls 'Class.getGenericInterfaces'
Note: com.google.gson.reflect.TypeToken calls 'Class.getGenericSuperclass'
Note: com.google.gson.reflect.TypeToken calls 'Class.getTypeParameters'
Note: com.google.api.client.util.Types calls 'Class.getEnclosingClass'
Note: com.google.gson.internal.$Gson$Types$ParameterizedTypeImpl calls 'Class.getEnclosingClass'
Note: android.support.v4.f.f: can't find dynamically referenced class libcore.icu.ICU
Note: android.support.v4.f.g: can't find dynamically referenced class libcore.icu.ICU
Note: com.google.android.gms.internal.zzlf: can't find dynamically referenced class com.facebook.Session
Note: com.google.android.gms.internal.zzlf: can't find dynamically referenced class com.facebook.FacebookSdk
Note: com.google.android.gms.internal.zzlf: can't find dynamically referenced class com.facebook.Session
Note: com.google.android.gms.internal.zzlf: can't find dynamically referenced class com.facebook.CallbackManager$Factory
Note: com.google.android.gms.internal.zzlf: can't find dynamically referenced class com.facebook.login.LoginManager
Note: com.google.android.gms.internal.zzlf: can't find dynamically referenced class com.facebook.CallbackManager
Note: com.google.android.gms.internal.zzlf: can't find dynamically referenced class com.facebook.FacebookCallback
Note: com.google.android.gms.internal.zzlf: can't find dynamically referenced class com.facebook.FacebookSdk
Note: com.google.android.gms.internal.zzlf: can't find dynamically referenced class com.facebook.login.LoginManager
Note: com.google.android.gms.internal.zzlf: can't find dynamically referenced class com.facebook.Session
Note: com.google.android.gms.internal.zzlf: can't find dynamically referenced class com.facebook.login.LoginManager
Note: com.google.android.gms.internal.zzlf: can't find dynamically referenced class com.facebook.Session$OpenRequest
Note: com.google.android.gms.internal.zzlf: can't find dynamically referenced class com.facebook.Session
Note: com.google.android.gms.internal.zzlf: can't find dynamically referenced class com.facebook.Session$StatusCallback
Note: com.google.android.gms.internal.zzlf: can't find dynamically referenced class com.facebook.FacebookCallback
Note: com.google.android.gms.internal.zzlf: can't find dynamically referenced class com.facebook.Session
Note: com.google.android.gms.internal.zzlf: can't find dynamically referenced class com.facebook.Session$StatusCallback
Note: com.google.android.gms.internal.zzlf$1: can't find dynamically referenced class com.facebook.login.LoginResult
Note: com.google.android.gms.internal.zzlf$1: can't find dynamically referenced class com.facebook.FacebookException
Note: com.google.android.gms.internal.zzlf$1: can't find dynamically referenced class com.facebook.AccessToken
Note: com.google.android.gms.internal.zzlf$2: can't find dynamically referenced class com.facebook.SessionState
Note: com.google.android.gms.maps.internal.zzy: can't find dynamically referenced class com.google.android.gms.maps.internal.CreatorImpl
Note: com.google.api.client.util.IOUtils: can't find dynamically referenced class java.nio.file.Files
Note: com.google.api.client.util.IOUtils: can't find dynamically referenced class java.nio.file.Path
Note: com.google.gson.internal.UnsafeAllocator: can't find dynamically referenced class sun.misc.Unsafe
Note: android.support.multidex.e accesses a method 'apply()' dynamically
Note: android.support.v4.f.f accesses a method 'addLikelySubtags(java.util.Locale)' dynamically
Note: android.support.v4.f.g accesses a method 'getScript(java.lang.String)' dynamically
Note: android.support.v4.f.g accesses a method 'addLikelySubtags(java.lang.String)' dynamically
Note: android.support.v7.widget.ga accesses a method 'makeOptionalFitsSystemWindows()' dynamically
Note: com.google.android.gms.common.internal.DowngradeableSafeParcel accesses a field 'NULL' dynamically
      Maybe this is program field 'com.google.android.gms.common.internal.safeparcel.SafeParcelable { java.lang.String NULL; }'
      Maybe this is program field 'com.google.gson.stream.JsonToken { com.google.gson.stream.JsonToken NULL; }'
Note: com.google.android.gms.internal.zzlf accesses a declared method 'getActiveSession()' dynamically
Note: com.google.android.gms.internal.zzlf accesses a declared method 'create()' dynamically
      Maybe this is program method 'com.flowzr.orb.EntityDefinition$Builder { com.flowzr.orb.EntityDefinition create(); }'
      Maybe this is program method 'com.flowzr.view.NodeInflater$Builder { android.view.View create(); }'
      Maybe this is program method 'com.google.android.gms.location.LocationRequest { com.google.android.gms.location.LocationRequest create(); }'
      Maybe this is program method 'com.google.api.client.util.ArrayMap { com.google.api.client.util.ArrayMap create(); }'
      Maybe this is program method 'com.google.gson.GsonBuilder { com.google.gson.Gson create(); }'
      Maybe this is program method 'com.google.gson.internal.UnsafeAllocator { com.google.gson.internal.UnsafeAllocator create(); }'
Note: com.google.android.gms.internal.zzlf accesses a declared method 'getInstance()' dynamically
      Maybe this is program method 'com.google.android.gms.common.GoogleApiAvailability { com.google.android.gms.common.GoogleApiAvailability getInstance(); }'
Note: com.google.android.gms.internal.zzlf accesses a declared method 'getInstance()' dynamically
      Maybe this is program method 'com.google.android.gms.common.GoogleApiAvailability { com.google.android.gms.common.GoogleApiAvailability getInstance(); }'
Note: com.google.android.gms.internal.zzlf accesses a declared method 'logOut()' dynamically
Note: com.google.android.gms.internal.zzlf accesses a declared method 'getActiveSession()' dynamically
Note: com.google.android.gms.internal.zzlf accesses a declared method 'closeAndClearTokenInformation()' dynamically
Note: com.google.android.gms.internal.zzlf accesses a declared method 'logInWithReadPermissions(android.app.Activity,java.util.Collection)' dynamically
Note: com.google.android.gms.internal.zzlf accesses a declared method 'setPermissions(java.util.List)' dynamically
Note: com.google.android.gms.internal.zzlf$1 accesses a declared method 'getAccessToken()' dynamically
Note: com.google.android.gms.internal.zzlf$1 accesses a method 'getToken()' dynamically
      Maybe this is program method 'com.flowzr.export.billing.Purchase { java.lang.String getToken(); }'
      Maybe this is program method 'com.google.android.gms.auth.TokenData { java.lang.String getToken(); }'
      Maybe this is program method 'com.google.api.client.googleapis.extensions.android.gms.auth.GoogleAccountCredential { java.lang.String getToken(); }'
Note: com.google.android.gms.internal.zzlf$2 accesses a declared method 'isOpened()' dynamically
      Maybe this is program method 'com.flowzr.view.MyFloatingActionMenu { boolean isOpened(); }'
Note: com.google.android.gms.internal.zzlf$2 accesses a declared method 'getAccessToken()' dynamically
Note: com.google.android.gms.measurement.internal.zzy accesses a declared method 'initialize(android.content.Context)' dynamically
      Maybe this is program method 'com.google.android.gms.maps.MapsInitializer { int initialize(android.content.Context); }'
Note: com.google.gson.internal.UnsafeAllocator accesses a declared field 'theUnsafe' dynamically
Note: com.google.gson.internal.UnsafeAllocator accesses a method 'allocateInstance(java.lang.Class)' dynamically
Note: there were 13 classes trying to access annotations using reflection.
      You should consider keeping the annotation attributes
      (using '-keepattributes *Annotation*').
      (http://proguard.sourceforge.net/manual/troubleshooting.html#attributes)
Note: there were 24 classes trying to access generic signatures using reflection.
      You should consider keeping the signature attributes
      (using '-keepattributes Signature').
      (http://proguard.sourceforge.net/manual/troubleshooting.html#attributes)
Note: there were 2 classes trying to access enclosing classes using reflection.
      You should consider keeping the inner classes attributes
      (using '-keepattributes InnerClasses').
      (http://proguard.sourceforge.net/manual/troubleshooting.html#attributes)
Note: there were 27 unresolved dynamic references to classes or interfaces.
      You should check if you need to specify additional program jars.
      (http://proguard.sourceforge.net/manual/troubleshooting.html#dynamicalclass)
Note: there were 22 accesses to class members by means of introspection.
      You should consider explicitly keeping the mentioned class members
      (using '-keep' or '-keepclassmembers').
      (http://proguard.sourceforge.net/manual/troubleshooting.html#dynamicalclassmember)
Note: you're ignoring all warnings!
Preparing output jar [/Users/emmanuelflorent/projects/flowzr-android-black/build/intermediates/multi-dex/release/componentClasses.jar]
  Copying resources from program jar [/Users/emmanuelflorent/projects/flowzr-android-black/build/intermediates/transforms/proguard/release/jars/3/1f/main.jar]
:transformClassesWithDexForRelease
:transformClassesWithShrinkResForRelease
Removed unused resources: Binary resource data reduced from 3217KB to 3217KB: Removed 0%
:mergeReleaseJniLibFolders UP-TO-DATE
:transformNative_libsWithMergeJniLibsForRelease UP-TO-DATE
:packageRelease
:zipalignRelease
:assembleRelease
:assemble
:compileLint
:lint
Wrote HTML report to file:///Users/emmanuelflorent/projects/flowzr-android-black/build/outputs/lint-results.html
Wrote XML report to file:///Users/emmanuelflorent/projects/flowzr-android-black/build/outputs/lint-results.xml
Lint found 238 errors and 0 warnings
:preDebugUnitTestBuild UP-TO-DATE
:prepareDebugUnitTestDependencies
:compileDebugUnitTestJavaWithJavac UP-TO-DATE
:processDebugUnitTestJavaRes UP-TO-DATE
:compileDebugUnitTestSources UP-TO-DATE
:mockableAndroidJar UP-TO-DATE
:assembleDebugUnitTest UP-TO-DATE
:testDebugUnitTest UP-TO-DATE
:preReleaseUnitTestBuild UP-TO-DATE
:prepareReleaseUnitTestDependencies
:compileReleaseUnitTestJavaWithJavac UP-TO-DATE
:processReleaseUnitTestJavaRes UP-TO-DATE
:compileReleaseUnitTestSources UP-TO-DATE
:assembleReleaseUnitTest UP-TO-DATE
:testReleaseUnitTest UP-TO-DATE
:test UP-TO-DATE
:check
:build

BUILD SUCCESSFUL

Total time: 1 mins 52.512 secs

This build could be faster, please consider using the Gradle Daemon: https://docs.gradle.org/2.11/userguide/gradle_daemon.html
